[2017-10-01 00:14:47] name.INFO: (getRow)      "SHOW TABLES LIKE 'test\_table\_1'" [] []
[2017-10-01 00:14:47] name.INFO: (getRow)      "SHOW TABLES LIKE 'test\_table\_2'" [] []
[2017-10-01 00:14:47] name.INFO: (execute)     "CREATE TABLE `test_table_1` (`test_field_1` int(11) NOT NULL DEFAULT '0')" [] []
[2017-10-01 00:14:48] name.INFO: (execute)     "CREATE TABLE `test_table_2` (`test_field_2` int(11) NOT NULL DEFAULT '0')" [] []
[2017-10-01 00:14:48] name.INFO: (getValues)   "SHOW TABLES LIKE '%'" [] []
[2017-10-01 00:14:48] name.INFO: (getResults)  "DESC `test_table_1`" [] []
[2017-10-01 00:14:48] name.INFO: (getResults)  "DESC `test_table_2`" [] []
[2017-10-01 00:14:52] name.INFO: (getRow)      "SHOW TABLES LIKE 'test\_table\_1'" [] []
[2017-10-01 00:14:52] name.INFO: (execute)     "CREATE TABLE `test_table_1` (`primary_key_field` int(11) NOT NULL  PRIMARY KEY auto_increment,`test_field_2` varchar(255) NOT NULL)" [] []
[2017-10-01 00:14:52] name.INFO: (getValues)   "SHOW TABLES LIKE '%'" [] []
[2017-10-01 00:14:52] name.INFO: (getResults)  "DESC `test_table_1`" [] []
[2017-10-01 00:14:52] name.INFO: (getRow)      "SHOW TABLES LIKE 'test\_table\_2'" [] []
[2017-10-01 00:14:52] name.INFO: (execute)     "CREATE TABLE `test_table_2` (`primary_key_field` int(11) NOT NULL  PRIMARY KEY auto_increment,`test_field_2` varchar(255) NOT NULL)" [] []
[2017-10-01 00:14:52] name.INFO: (getValues)   "SHOW TABLES LIKE '%'" [] []
[2017-10-01 00:14:52] name.INFO: (getResults)  "DESC `test_table_2`" [] []
[2017-10-01 00:14:52] name.INFO: (getRow)      "SHOW TABLES LIKE 'test\_table\_1'" [] []
[2017-10-01 00:14:52] name.INFO: (getResults)  "DESC `test_table_1`" [] []
[2017-10-01 00:14:52] name.INFO: (execute)     "ALTER TABLE `test_table_1` CHANGE COLUMN `primary_key_field` `primary_key_field` int(11) NOT NULL    FIRST" [] []
[2017-10-01 00:14:52] name.INFO: (execute)     "ALTER TABLE `test_table_1` DROP PRIMARY KEY" [] []
[2017-10-01 00:14:52] name.INFO: (execute)     "ALTER TABLE `test_table_1` ADD COLUMN `primary_key_field_other` int(11) NOT NULL  PRIMARY KEY auto_increment FIRST" [] []
[2017-10-01 00:14:52] name.INFO: (execute)     "ALTER TABLE `test_table_1` CHANGE COLUMN `test_field_2` `test_field_2` varchar(255) NOT NULL     AFTER primary_key_field_other" [] []
[2017-10-01 00:14:52] name.INFO: (getValues)   "SHOW TABLES LIKE '%'" [] []
[2017-10-01 00:14:52] name.INFO: (getResults)  "DESC `test_table_1`" [] []
[2017-10-01 00:14:53] name.INFO: (getRow)      "SHOW TABLES LIKE 'test\_table\_1'" [] []
[2017-10-01 00:14:53] name.INFO: (getRow)      "SHOW TABLES LIKE 'test\_table\_2'" [] []
[2017-10-01 00:14:53] name.INFO: (execute)     "CREATE TABLE `test_table_1` (`test_field_1` int(11) NOT NULL DEFAULT '0')" [] []
[2017-10-01 00:14:53] name.INFO: (execute)     "CREATE TABLE `test_table_2` (`test_field_2` int(11) NOT NULL DEFAULT '0')" [] []
[2017-10-01 00:14:53] name.INFO: (getValues)   "SHOW TABLES LIKE '%'" [] []
[2017-10-01 00:14:53] name.INFO: (getResults)  "DESC `test_table_1`" [] []
[2017-10-01 00:14:53] name.INFO: (getResults)  "DESC `test_table_2`" [] []
[2017-10-01 00:14:53] name.INFO: (getValues)   "SHOW TABLES LIKE '%'" [] []
[2017-10-01 00:14:53] name.INFO: (getRow)      "SHOW TABLES LIKE 'test\_table\_1'" [] []
[2017-10-01 00:14:53] name.INFO: (getRow)      "SHOW TABLES LIKE 'test\_table\_2'" [] []
[2017-10-01 00:14:53] name.INFO: (execute)     "CREATE TABLE `test_table_1` (`test_field_1` int(11) NOT NULL DEFAULT '0')" [] []
[2017-10-01 00:14:53] name.INFO: (execute)     "CREATE TABLE `test_table_2` (`test_field_2` int(11) NOT NULL DEFAULT '0')" [] []
[2017-10-01 00:14:53] name.INFO: (getValues)   "SHOW TABLES LIKE '%'" [] []
[2017-10-01 00:14:53] name.INFO: (getResults)  "DESC `test_table_1`" [] []
[2017-10-01 00:14:53] name.INFO: (getResults)  "DESC `test_table_2`" [] []
[2017-10-01 00:16:38] name.INFO: (getRow)      "SHOW TABLES LIKE 'test\_table\_1'" [] []
[2017-10-01 00:16:38] name.INFO: (execute)     "CREATE TABLE `test_table_1` (`primary_key_field` int(11) NOT NULL  PRIMARY KEY auto_increment,`test_field_2` varchar(255) NOT NULL)" [] []
[2017-10-01 00:16:38] name.INFO: (getValues)   "SHOW TABLES LIKE '%'" [] []
[2017-10-01 00:16:38] name.INFO: (getResults)  "DESC `test_table_1`" [] []
[2017-10-01 00:16:38] name.INFO: (getRow)      "SHOW TABLES LIKE 'test\_table\_2'" [] []
[2017-10-01 00:16:38] name.INFO: (execute)     "CREATE TABLE `test_table_2` (`primary_key_field` int(11) NOT NULL  PRIMARY KEY auto_increment,`test_field_2` varchar(255) NOT NULL)" [] []
[2017-10-01 00:16:38] name.INFO: (getValues)   "SHOW TABLES LIKE '%'" [] []
[2017-10-01 00:16:38] name.INFO: (getResults)  "DESC `test_table_2`" [] []
[2017-10-01 00:16:38] name.INFO: (getRow)      "SHOW TABLES LIKE 'test\_table\_1'" [] []
[2017-10-01 00:16:38] name.INFO: (getResults)  "DESC `test_table_1`" [] []
[2017-10-01 00:16:38] name.INFO: (execute)     "ALTER TABLE `test_table_1` CHANGE COLUMN `primary_key_field` `primary_key_field` int(11) NOT NULL    FIRST" [] []
[2017-10-01 00:16:38] name.INFO: (execute)     "ALTER TABLE `test_table_1` DROP PRIMARY KEY" [] []
[2017-10-01 00:16:38] name.INFO: (execute)     "ALTER TABLE `test_table_1` ADD COLUMN `primary_key_field_other` int(11) NOT NULL  PRIMARY KEY auto_increment FIRST" [] []
[2017-10-01 00:16:38] name.INFO: (execute)     "ALTER TABLE `test_table_1` CHANGE COLUMN `test_field_2` `test_field_2` varchar(255) NOT NULL     AFTER primary_key_field_other" [] []
[2017-10-01 00:16:38] name.INFO: (getValues)   "SHOW TABLES LIKE '%'" [] []
[2017-10-01 00:16:38] name.INFO: (getResults)  "DESC `test_table_1`" [] []
[2017-10-01 00:16:38] name.INFO: (getRow)      "SHOW TABLES LIKE 'test\_table\_1'" [] []
[2017-10-01 00:16:38] name.INFO: (getRow)      "SHOW TABLES LIKE 'test\_table\_2'" [] []
[2017-10-01 00:16:38] name.INFO: (execute)     "CREATE TABLE `test_table_1` (`test_field_1` int(11) NOT NULL DEFAULT '0')" [] []
[2017-10-01 00:16:38] name.INFO: (execute)     "CREATE TABLE `test_table_2` (`test_field_2` int(11) NOT NULL DEFAULT '0')" [] []
[2017-10-01 00:16:38] name.INFO: (getValues)   "SHOW TABLES LIKE '%'" [] []
[2017-10-01 00:16:38] name.INFO: (getResults)  "DESC `test_table_1`" [] []
[2017-10-01 00:16:38] name.INFO: (getResults)  "DESC `test_table_2`" [] []
[2017-10-01 00:16:38] name.INFO: (getValues)   "SHOW TABLES LIKE '%'" [] []
[2017-10-01 00:16:38] name.INFO: (getRow)      "SHOW TABLES LIKE 'test\_table\_1'" [] []
[2017-10-01 00:16:38] name.INFO: (getRow)      "SHOW TABLES LIKE 'test\_table\_2'" [] []
[2017-10-01 00:16:38] name.INFO: (execute)     "CREATE TABLE `test_table_1` (`test_field_1` int(11) NOT NULL DEFAULT '0')" [] []
[2017-10-01 00:16:38] name.INFO: (execute)     "CREATE TABLE `test_table_2` (`test_field_2` int(11) NOT NULL DEFAULT '0')" [] []
[2017-10-01 00:16:38] name.INFO: (getValues)   "SHOW TABLES LIKE '%'" [] []
[2017-10-01 00:16:38] name.INFO: (getResults)  "DESC `test_table_1`" [] []
[2017-10-01 00:16:38] name.INFO: (getResults)  "DESC `test_table_2`" [] []
